Determining if the pthread_create exist failed with the following output:
Change Dir: /home/alexey/work/programming/opencv_projects/pointCloud/cmake-build-debug/CMakeFiles/CMakeTmp

Run Build Command:"/usr/bin/make" "cmTC_05579/fast"
/usr/bin/make -f CMakeFiles/cmTC_05579.dir/build.make CMakeFiles/cmTC_05579.dir/build
make[1]: вход в каталог «/home/alexey/work/programming/opencv_projects/pointCloud/cmake-build-debug/CMakeFiles/CMakeTmp»
Building C object CMakeFiles/cmTC_05579.dir/CheckSymbolExists.c.o
/usr/bin/cc   -fPIC    -o CMakeFiles/cmTC_05579.dir/CheckSymbolExists.c.o   -c /home/alexey/work/programming/opencv_projects/pointCloud/cmake-build-debug/CMakeFiles/CMakeTmp/CheckSymbolExists.c
Linking C executable cmTC_05579
/home/alexey/Загрузки/clion-2017.3.1/bin/cmake/bin/cmake -E cmake_link_script CMakeFiles/cmTC_05579.dir/link.txt --verbose=1
/usr/bin/cc -fPIC     CMakeFiles/cmTC_05579.dir/CheckSymbolExists.c.o  -o cmTC_05579 
CMakeFiles/cmTC_05579.dir/CheckSymbolExists.c.o: In function `main':
CheckSymbolExists.c:(.text+0x1b): undefined reference to `pthread_create'
collect2: error: ld returned 1 exit status
CMakeFiles/cmTC_05579.dir/build.make:97: ошибка выполнения рецепта для цели «cmTC_05579»
make[1]: *** [cmTC_05579] Ошибка 1
make[1]: выход из каталога «/home/alexey/work/programming/opencv_projects/pointCloud/cmake-build-debug/CMakeFiles/CMakeTmp»
Makefile:126: ошибка выполнения рецепта для цели «cmTC_05579/fast»
make: *** [cmTC_05579/fast] Ошибка 2

File /home/alexey/work/programming/opencv_projects/pointCloud/cmake-build-debug/CMakeFiles/CMakeTmp/CheckSymbolExists.c:
/* */
#include <pthread.h>

int main(int argc, char** argv)
{
  (void)argv;
#ifndef pthread_create
  return ((int*)(&pthread_create))[argc];
#else
  (void)argc;
  return 0;
#endif
}

Determining if the function pthread_create exists in the pthreads failed with the following output:
Change Dir: /home/alexey/work/programming/opencv_projects/pointCloud/cmake-build-debug/CMakeFiles/CMakeTmp

Run Build Command:"/usr/bin/make" "cmTC_8d395/fast"
/usr/bin/make -f CMakeFiles/cmTC_8d395.dir/build.make CMakeFiles/cmTC_8d395.dir/build
make[1]: вход в каталог «/home/alexey/work/programming/opencv_projects/pointCloud/cmake-build-debug/CMakeFiles/CMakeTmp»
Building C object CMakeFiles/cmTC_8d395.dir/CheckFunctionExists.c.o
/usr/bin/cc   -fPIC -DCHECK_FUNCTION_EXISTS=pthread_create   -o CMakeFiles/cmTC_8d395.dir/CheckFunctionExists.c.o   -c /home/alexey/Загрузки/clion-2017.3.1/bin/cmake/share/cmake-3.9/Modules/CheckFunctionExists.c
Linking C executable cmTC_8d395
/home/alexey/Загрузки/clion-2017.3.1/bin/cmake/bin/cmake -E cmake_link_script CMakeFiles/cmTC_8d395.dir/link.txt --verbose=1
/usr/bin/cc -fPIC -DCHECK_FUNCTION_EXISTS=pthread_create    CMakeFiles/cmTC_8d395.dir/CheckFunctionExists.c.o  -o cmTC_8d395 -lpthreads 
/usr/bin/ld: cannot find -lpthreads
collect2: error: ld returned 1 exit status
CMakeFiles/cmTC_8d395.dir/build.make:97: ошибка выполнения рецепта для цели «cmTC_8d395»
make[1]: *** [cmTC_8d395] Ошибка 1
make[1]: выход из каталога «/home/alexey/work/programming/opencv_projects/pointCloud/cmake-build-debug/CMakeFiles/CMakeTmp»
Makefile:126: ошибка выполнения рецепта для цели «cmTC_8d395/fast»
make: *** [cmTC_8d395/fast] Ошибка 2


